This file contains any messages produced by compilers while
running configure, to aid debugging if configure makes a mistake.

It was created by rseqtools configure 1.0.0, which was
generated by GNU Autoconf 2.67.  Invocation command line was

  $ ./configure 

## --------- ##
## Platform. ##
## --------- ##

hostname = crown
uname -m = x86_64
uname -r = 2.6.35-28-generic
uname -s = Linux
uname -v = #49-Ubuntu SMP Tue Mar 1 14:39:03 UTC 2011

/usr/bin/uname -p = unknown
/bin/uname -X     = unknown

/bin/arch              = unknown
/usr/bin/arch -k       = unknown
/usr/convex/getsysinfo = unknown
/usr/bin/hostinfo      = unknown
/bin/machine           = unknown
/usr/bin/oslevel       = unknown
/bin/universe          = unknown

PATH: /home/dzc/bin
PATH: /usr/local/sbin
PATH: /usr/local/bin
PATH: /usr/sbin
PATH: /usr/bin
PATH: /sbin
PATH: /bin
PATH: /usr/games
PATH: /home/dzc/bin


## ----------- ##
## Core tests. ##
## ----------- ##

configure:2407: checking for a BSD-compatible install
configure:2475: result: /usr/bin/install -c
configure:2486: checking whether build environment is sane
configure:2536: result: yes
configure:2677: checking for a thread-safe mkdir -p
configure:2716: result: /bin/mkdir -p
configure:2729: checking for gawk
configure:2759: result: no
configure:2729: checking for mawk
configure:2745: found /usr/bin/mawk
configure:2756: result: mawk
configure:2767: checking whether make sets $(MAKE)
configure:2789: result: yes
configure:2898: checking build system type
configure:2912: result: x86_64-unknown-linux-gnu
configure:2932: checking host system type
configure:2945: result: x86_64-unknown-linux-gnu
configure:2977: checking for style of include used by make
configure:3005: result: GNU
configure:3075: checking for gcc
configure:3091: found /usr/bin/gcc
configure:3102: result: gcc
configure:3331: checking for C compiler version
configure:3340: gcc --version >&5
gcc (Ubuntu/Linaro 4.4.4-14ubuntu5) 4.4.5
Copyright (C) 2010 Free Software Foundation, Inc.
This is free software; see the source for copying conditions.  There is NO
warranty; not even for MERCHANTABILITY or FITNESS FOR A PARTICULAR PURPOSE.

configure:3351: $? = 0
configure:3340: gcc -v >&5
Using built-in specs.
Target: x86_64-linux-gnu
Configured with: ../src/configure -v --with-pkgversion='Ubuntu/Linaro 4.4.4-14ubuntu5' --with-bugurl=file:///usr/share/doc/gcc-4.4/README.Bugs --enable-languages=c,c++,fortran,objc,obj-c++ --prefix=/usr --program-suffix=-4.4 --enable-shared --enable-multiarch --enable-linker-build-id --with-system-zlib --libexecdir=/usr/lib --without-included-gettext --enable-threads=posix --with-gxx-include-dir=/usr/include/c++/4.4 --libdir=/usr/lib --enable-nls --with-sysroot=/ --enable-clocale=gnu --enable-libstdcxx-debug --enable-objc-gc --disable-werror --with-arch-32=i686 --with-tune=generic --enable-checking=release --build=x86_64-linux-gnu --host=x86_64-linux-gnu --target=x86_64-linux-gnu
Thread model: posix
gcc version 4.4.5 (Ubuntu/Linaro 4.4.4-14ubuntu5) 
configure:3351: $? = 0
configure:3340: gcc -V >&5
gcc: '-V' option must have argument
configure:3351: $? = 1
configure:3340: gcc -qversion >&5
gcc: unrecognized option '-qversion'
gcc: no input files
configure:3351: $? = 1
configure:3371: checking whether the C compiler works
configure:3393: gcc    conftest.c  >&5
configure:3397: $? = 0
configure:3445: result: yes
configure:3448: checking for C compiler default output file name
configure:3450: result: a.out
configure:3456: checking for suffix of executables
configure:3463: gcc -o conftest    conftest.c  >&5
configure:3467: $? = 0
configure:3489: result: 
configure:3511: checking whether we are cross compiling
configure:3519: gcc -o conftest    conftest.c  >&5
configure:3523: $? = 0
configure:3530: ./conftest
configure:3534: $? = 0
configure:3549: result: no
configure:3554: checking for suffix of object files
configure:3576: gcc -c   conftest.c >&5
configure:3580: $? = 0
configure:3601: result: o
configure:3605: checking whether we are using the GNU C compiler
configure:3624: gcc -c   conftest.c >&5
configure:3624: $? = 0
configure:3633: result: yes
configure:3642: checking whether gcc accepts -g
configure:3662: gcc -c -g  conftest.c >&5
configure:3662: $? = 0
configure:3703: result: yes
configure:3720: checking for gcc option to accept ISO C89
configure:3784: gcc  -c -g -O2  conftest.c >&5
configure:3784: $? = 0
configure:3797: result: none needed
configure:3819: checking dependency style of gcc
configure:3929: result: gcc3
configure:3944: checking for a sed that does not truncate output
configure:4008: result: /bin/sed
configure:4026: checking for grep that handles long lines and -e
configure:4084: result: /bin/grep
configure:4089: checking for egrep
configure:4151: result: /bin/grep -E
configure:4156: checking for fgrep
configure:4218: result: /bin/grep -F
configure:4253: checking for ld used by gcc
configure:4320: result: /usr/bin/ld
configure:4327: checking if the linker (/usr/bin/ld) is GNU ld
configure:4342: result: yes
configure:4354: checking for BSD- or MS-compatible name lister (nm)
configure:4403: result: /usr/bin/nm -B
configure:4521: checking the name lister (/usr/bin/nm -B) interface
configure:4528: gcc -c -g -O2  conftest.c >&5
configure:4531: /usr/bin/nm -B "conftest.o"
configure:4534: output
0000000000000000 B some_variable
configure:4541: result: BSD nm
configure:4544: checking whether ln -s works
configure:4548: result: yes
configure:4556: checking the maximum length of command line arguments
configure:4676: result: 1572864
configure:4693: checking whether the shell understands some XSI constructs
configure:4703: result: yes
configure:4707: checking whether the shell understands "+="
configure:4713: result: yes
configure:4748: checking for /usr/bin/ld option to reload object files
configure:4755: result: -r
configure:4824: checking for objdump
configure:4840: found /usr/bin/objdump
configure:4851: result: objdump
configure:4883: checking how to recognize dependent libraries
configure:5079: result: pass_all
configure:5139: checking for ar
configure:5155: found /usr/bin/ar
configure:5166: result: ar
configure:5244: checking for strip
configure:5260: found /usr/bin/strip
configure:5271: result: strip
configure:5343: checking for ranlib
configure:5359: found /usr/bin/ranlib
configure:5370: result: ranlib
configure:5460: checking command to parse /usr/bin/nm -B output from gcc object
configure:5578: gcc -c -g -O2  conftest.c >&5
configure:5581: $? = 0
configure:5585: /usr/bin/nm -B conftest.o \| sed -n -e 's/^.*[	 ]\([ABCDGIRSTW][ABCDGIRSTW]*\)[	 ][	 ]*\([_A-Za-z][_A-Za-z0-9]*\)$/\1 \2 \2/p' \> conftest.nm
configure:5588: $? = 0
configure:5642: gcc -o conftest -g -O2   conftest.c conftstm.o >&5
configure:5645: $? = 0
configure:5683: result: ok
configure:5779: gcc -c -g -O2  conftest.c >&5
configure:5782: $? = 0
configure:6492: checking how to run the C preprocessor
configure:6523: gcc -E  conftest.c
configure:6523: $? = 0
configure:6537: gcc -E  conftest.c
conftest.c:11: fatal error: ac_nonexistent.h: No such file or directory
compilation terminated.
configure:6537: $? = 1
configure: failed program was:
| /* confdefs.h */
| #define PACKAGE_NAME "rseqtools"
| #define PACKAGE_TARNAME "rseqtools"
| #define PACKAGE_VERSION "1.0.0"
| #define PACKAGE_STRING "rseqtools 1.0.0"
| #define PACKAGE_BUGREPORT "david.chen@yale.edu"
| #define PACKAGE_URL ""
| #define PACKAGE "rseqtools"
| #define VERSION "1.0.0"
| /* end confdefs.h.  */
| #include <ac_nonexistent.h>
configure:6562: result: gcc -E
configure:6582: gcc -E  conftest.c
configure:6582: $? = 0
configure:6596: gcc -E  conftest.c
conftest.c:11: fatal error: ac_nonexistent.h: No such file or directory
compilation terminated.
configure:6596: $? = 1
configure: failed program was:
| /* confdefs.h */
| #define PACKAGE_NAME "rseqtools"
| #define PACKAGE_TARNAME "rseqtools"
| #define PACKAGE_VERSION "1.0.0"
| #define PACKAGE_STRING "rseqtools 1.0.0"
| #define PACKAGE_BUGREPORT "david.chen@yale.edu"
| #define PACKAGE_URL ""
| #define PACKAGE "rseqtools"
| #define VERSION "1.0.0"
| /* end confdefs.h.  */
| #include <ac_nonexistent.h>
configure:6625: checking for ANSI C header files
configure:6645: gcc -c -g -O2  conftest.c >&5
configure:6645: $? = 0
configure:6718: gcc -o conftest -g -O2   conftest.c  >&5
configure:6718: $? = 0
configure:6718: ./conftest
configure:6718: $? = 0
configure:6729: result: yes
configure:6742: checking for sys/types.h
configure:6742: gcc -c -g -O2  conftest.c >&5
configure:6742: $? = 0
configure:6742: result: yes
configure:6742: checking for sys/stat.h
configure:6742: gcc -c -g -O2  conftest.c >&5
configure:6742: $? = 0
configure:6742: result: yes
configure:6742: checking for stdlib.h
configure:6742: gcc -c -g -O2  conftest.c >&5
configure:6742: $? = 0
configure:6742: result: yes
configure:6742: checking for string.h
configure:6742: gcc -c -g -O2  conftest.c >&5
configure:6742: $? = 0
configure:6742: result: yes
configure:6742: checking for memory.h
configure:6742: gcc -c -g -O2  conftest.c >&5
configure:6742: $? = 0
configure:6742: result: yes
configure:6742: checking for strings.h
configure:6742: gcc -c -g -O2  conftest.c >&5
configure:6742: $? = 0
configure:6742: result: yes
configure:6742: checking for inttypes.h
configure:6742: gcc -c -g -O2  conftest.c >&5
configure:6742: $? = 0
configure:6742: result: yes
configure:6742: checking for stdint.h
configure:6742: gcc -c -g -O2  conftest.c >&5
configure:6742: $? = 0
configure:6742: result: yes
configure:6742: checking for unistd.h
configure:6742: gcc -c -g -O2  conftest.c >&5
configure:6742: $? = 0
configure:6742: result: yes
configure:6756: checking for dlfcn.h
configure:6756: gcc -c -g -O2  conftest.c >&5
configure:6756: $? = 0
configure:6756: result: yes
configure:6940: checking for objdir
configure:6955: result: .libs
configure:7251: checking if gcc supports -fno-rtti -fno-exceptions
configure:7269: gcc -c -g -O2  -fno-rtti -fno-exceptions conftest.c >&5
cc1: warning: command line option "-fno-rtti" is valid for C++/ObjC++ but not for C
configure:7273: $? = 0
configure:7286: result: no
configure:7306: checking for gcc option to produce PIC
configure:7578: result: -fPIC -DPIC
configure:7590: checking if gcc PIC flag -fPIC -DPIC works
configure:7608: gcc -c -g -O2  -fPIC -DPIC -DPIC conftest.c >&5
configure:7612: $? = 0
configure:7625: result: yes
configure:7649: checking if gcc static flag -static works
configure:7677: result: yes
configure:7692: checking if gcc supports -c -o file.o
configure:7713: gcc -c -g -O2  -o out/conftest2.o conftest.c >&5
configure:7717: $? = 0
configure:7739: result: yes
configure:7747: checking if gcc supports -c -o file.o
configure:7794: result: yes
configure:7827: checking whether the gcc linker (/usr/bin/ld -m elf_x86_64) supports shared libraries
configure:8818: result: yes
configure:8855: checking whether -lc should be explicitly linked in
configure:8860: gcc -c -g -O2  conftest.c >&5
configure:8863: $? = 0
configure:8878: gcc -shared conftest.o  -v -Wl,-soname -Wl,conftest -o conftest 2\>\&1 \| /bin/grep  -lc  \>/dev/null 2\>\&1
configure:8881: $? = 0
configure:8893: result: no
configure:9057: checking dynamic linker characteristics
configure:9490: gcc -o conftest -g -O2   -Wl,-rpath -Wl,/foo conftest.c  >&5
configure:9490: $? = 0
configure:9720: result: GNU/Linux ld.so
configure:9822: checking how to hardcode library paths into programs
configure:9847: result: immediate
configure:10367: checking whether stripping libraries is possible
configure:10372: result: yes
configure:10407: checking if libtool supports shared libraries
configure:10409: result: yes
configure:10412: checking whether to build shared libraries
configure:10433: result: yes
configure:10436: checking whether to build static libraries
configure:10440: result: yes
configure:10525: checking for gcc
configure:10552: result: gcc
configure:10781: checking for C compiler version
configure:10790: gcc --version >&5
gcc (Ubuntu/Linaro 4.4.4-14ubuntu5) 4.4.5
Copyright (C) 2010 Free Software Foundation, Inc.
This is free software; see the source for copying conditions.  There is NO
warranty; not even for MERCHANTABILITY or FITNESS FOR A PARTICULAR PURPOSE.

configure:10801: $? = 0
configure:10790: gcc -v >&5
Using built-in specs.
Target: x86_64-linux-gnu
Configured with: ../src/configure -v --with-pkgversion='Ubuntu/Linaro 4.4.4-14ubuntu5' --with-bugurl=file:///usr/share/doc/gcc-4.4/README.Bugs --enable-languages=c,c++,fortran,objc,obj-c++ --prefix=/usr --program-suffix=-4.4 --enable-shared --enable-multiarch --enable-linker-build-id --with-system-zlib --libexecdir=/usr/lib --without-included-gettext --enable-threads=posix --with-gxx-include-dir=/usr/include/c++/4.4 --libdir=/usr/lib --enable-nls --with-sysroot=/ --enable-clocale=gnu --enable-libstdcxx-debug --enable-objc-gc --disable-werror --with-arch-32=i686 --with-tune=generic --enable-checking=release --build=x86_64-linux-gnu --host=x86_64-linux-gnu --target=x86_64-linux-gnu
Thread model: posix
gcc version 4.4.5 (Ubuntu/Linaro 4.4.4-14ubuntu5) 
configure:10801: $? = 0
configure:10790: gcc -V >&5
gcc: '-V' option must have argument
configure:10801: $? = 1
configure:10790: gcc -qversion >&5
gcc: unrecognized option '-qversion'
gcc: no input files
configure:10801: $? = 1
configure:10805: checking whether we are using the GNU C compiler
configure:10833: result: yes
configure:10842: checking whether gcc accepts -g
configure:10903: result: yes
configure:10920: checking for gcc option to accept ISO C89
configure:10997: result: none needed
configure:11019: checking dependency style of gcc
configure:11129: result: gcc3
configure:11147: checking for log in -lm
configure:11172: gcc -o conftest -g -O2   conftest.c -lm   >&5
conftest.c:30: warning: conflicting types for built-in function 'log'
configure:11172: $? = 0
configure:11181: result: yes
configure:11194: checking for cblas_dgemm in -lgslcblas
configure:11219: gcc -o conftest -g -O2   conftest.c -lgslcblas  -lm  >&5
configure:11219: $? = 0
configure:11228: result: yes
configure:11241: checking for gsl_ran_hypergeometric_pdf in -lgsl
configure:11266: gcc -o conftest -g -O2   conftest.c -lgsl  -lgslcblas -lm  >&5
configure:11266: $? = 0
configure:11275: result: yes
configure:11288: checking for needMem in -lbios
configure:11313: gcc -o conftest -g -O2   conftest.c -lbios  -lgsl -lgslcblas -lm  >&5
configure:11313: $? = 0
configure:11322: result: yes
configure:11335: checking for mrf_init in -lmrf
configure:11360: gcc -o conftest -g -O2   conftest.c -lmrf  -lbios -lgsl -lgslcblas -lm  >&5
configure:11360: $? = 0
configure:11369: result: yes
configure:11386: checking math.h usability
configure:11386: gcc -c -g -O2  conftest.c >&5
configure:11386: $? = 0
configure:11386: result: yes
configure:11386: checking math.h presence
configure:11386: gcc -E  conftest.c
configure:11386: $? = 0
configure:11386: result: yes
configure:11386: checking for math.h
configure:11386: result: yes
configure:11399: checking for stdlib.h
configure:11399: result: yes
configure:11399: checking for string.h
configure:11399: result: yes
configure:11399: checking for unistd.h
configure:11399: result: yes
configure:11411: checking for stdbool.h that conforms to C99
configure:11496: gcc -c -g -O2  conftest.c >&5
configure:11496: $? = 0
configure:11503: result: yes
configure:11505: checking for _Bool
configure:11505: gcc -c -g -O2  conftest.c >&5
configure:11505: $? = 0
configure:11505: gcc -c -g -O2  conftest.c >&5
conftest.c: In function 'main':
conftest.c:68: error: expected expression before ')' token
configure:11505: $? = 1
configure: failed program was:
| /* confdefs.h */
| #define PACKAGE_NAME "rseqtools"
| #define PACKAGE_TARNAME "rseqtools"
| #define PACKAGE_VERSION "1.0.0"
| #define PACKAGE_STRING "rseqtools 1.0.0"
| #define PACKAGE_BUGREPORT "david.chen@yale.edu"
| #define PACKAGE_URL ""
| #define PACKAGE "rseqtools"
| #define VERSION "1.0.0"
| #define STDC_HEADERS 1
| #define HAVE_SYS_TYPES_H 1
| #define HAVE_SYS_STAT_H 1
| #define HAVE_STDLIB_H 1
| #define HAVE_STRING_H 1
| #define HAVE_MEMORY_H 1
| #define HAVE_STRINGS_H 1
| #define HAVE_INTTYPES_H 1
| #define HAVE_STDINT_H 1
| #define HAVE_UNISTD_H 1
| #define HAVE_DLFCN_H 1
| #define LT_OBJDIR ".libs/"
| #define HAVE_LIBM 1
| #define HAVE_LIBGSLCBLAS 1
| #define HAVE_LIBGSL 1
| #define HAVE_LIBBIOS 1
| #define HAVE_LIBMRF 1
| #define HAVE_MATH_H 1
| #define HAVE_STDLIB_H 1
| #define HAVE_STRING_H 1
| #define HAVE_UNISTD_H 1
| /* end confdefs.h.  */
| #include <stdio.h>
| #ifdef HAVE_SYS_TYPES_H
| # include <sys/types.h>
| #endif
| #ifdef HAVE_SYS_STAT_H
| # include <sys/stat.h>
| #endif
| #ifdef STDC_HEADERS
| # include <stdlib.h>
| # include <stddef.h>
| #else
| # ifdef HAVE_STDLIB_H
| #  include <stdlib.h>
| # endif
| #endif
| #ifdef HAVE_STRING_H
| # if !defined STDC_HEADERS && defined HAVE_MEMORY_H
| #  include <memory.h>
| # endif
| # include <string.h>
| #endif
| #ifdef HAVE_STRINGS_H
| # include <strings.h>
| #endif
| #ifdef HAVE_INTTYPES_H
| # include <inttypes.h>
| #endif
| #ifdef HAVE_STDINT_H
| # include <stdint.h>
| #endif
| #ifdef HAVE_UNISTD_H
| # include <unistd.h>
| #endif
| int
| main ()
| {
| if (sizeof ((_Bool)))
| 	    return 0;
|   ;
|   return 0;
| }
configure:11505: result: yes
configure:11526: checking for strchr
configure:11526: gcc -o conftest -g -O2   conftest.c -lmrf -lbios -lgsl -lgslcblas -lm  >&5
conftest.c:57: warning: conflicting types for built-in function 'strchr'
configure:11526: $? = 0
configure:11526: result: yes
configure:11526: checking for strdup
configure:11526: gcc -o conftest -g -O2   conftest.c -lmrf -lbios -lgsl -lgslcblas -lm  >&5
conftest.c:58: warning: conflicting types for built-in function 'strdup'
configure:11526: $? = 0
configure:11526: result: yes
configure:11526: checking for strstr
configure:11526: gcc -o conftest -g -O2   conftest.c -lmrf -lbios -lgsl -lgslcblas -lm  >&5
conftest.c:59: warning: conflicting types for built-in function 'strstr'
configure:11526: $? = 0
configure:11526: result: yes
configure:11661: creating ./config.status

## ---------------------- ##
## Running config.status. ##
## ---------------------- ##

This file was extended by rseqtools config.status 1.0.0, which was
generated by GNU Autoconf 2.67.  Invocation command line was

  CONFIG_FILES    = 
  CONFIG_HEADERS  = 
  CONFIG_LINKS    = 
  CONFIG_COMMANDS = 
  $ ./config.status 

on crown

config.status:1083: creating Makefile
config.status:1083: creating src/Makefile
config.status:1083: creating config.h
config.status:1263: config.h is unchanged
config.status:1311: executing depfiles commands
config.status:1311: executing libtool commands

## ---------------- ##
## Cache variables. ##
## ---------------- ##

ac_cv_build=x86_64-unknown-linux-gnu
ac_cv_c_compiler_gnu=yes
ac_cv_env_CC_set=
ac_cv_env_CC_value=
ac_cv_env_CFLAGS_set=
ac_cv_env_CFLAGS_value=
ac_cv_env_CPPFLAGS_set=
ac_cv_env_CPPFLAGS_value=
ac_cv_env_CPP_set=
ac_cv_env_CPP_value=
ac_cv_env_LDFLAGS_set=
ac_cv_env_LDFLAGS_value=
ac_cv_env_LIBS_set=
ac_cv_env_LIBS_value=
ac_cv_env_build_alias_set=
ac_cv_env_build_alias_value=
ac_cv_env_host_alias_set=
ac_cv_env_host_alias_value=
ac_cv_env_target_alias_set=
ac_cv_env_target_alias_value=
ac_cv_func_strchr=yes
ac_cv_func_strdup=yes
ac_cv_func_strstr=yes
ac_cv_header_dlfcn_h=yes
ac_cv_header_inttypes_h=yes
ac_cv_header_math_h=yes
ac_cv_header_memory_h=yes
ac_cv_header_stdbool_h=yes
ac_cv_header_stdc=yes
ac_cv_header_stdint_h=yes
ac_cv_header_stdlib_h=yes
ac_cv_header_string_h=yes
ac_cv_header_strings_h=yes
ac_cv_header_sys_stat_h=yes
ac_cv_header_sys_types_h=yes
ac_cv_header_unistd_h=yes
ac_cv_host=x86_64-unknown-linux-gnu
ac_cv_lib_bios_needMem=yes
ac_cv_lib_gsl_gsl_ran_hypergeometric_pdf=yes
ac_cv_lib_gslcblas_cblas_dgemm=yes
ac_cv_lib_m_log=yes
ac_cv_lib_mrf_mrf_init=yes
ac_cv_objext=o
ac_cv_path_EGREP='/bin/grep -E'
ac_cv_path_FGREP='/bin/grep -F'
ac_cv_path_GREP=/bin/grep
ac_cv_path_SED=/bin/sed
ac_cv_path_install='/usr/bin/install -c'
ac_cv_path_mkdir=/bin/mkdir
ac_cv_prog_AWK=mawk
ac_cv_prog_CPP='gcc -E'
ac_cv_prog_ac_ct_AR=ar
ac_cv_prog_ac_ct_CC=gcc
ac_cv_prog_ac_ct_OBJDUMP=objdump
ac_cv_prog_ac_ct_RANLIB=ranlib
ac_cv_prog_ac_ct_STRIP=strip
ac_cv_prog_cc_c89=
ac_cv_prog_cc_g=yes
ac_cv_prog_make_make_set=yes
ac_cv_type__Bool=yes
am_cv_CC_dependencies_compiler_type=gcc3
lt_cv_deplibs_check_method=pass_all
lt_cv_file_magic_cmd='$MAGIC_CMD'
lt_cv_file_magic_test_file=
lt_cv_ld_reload_flag=-r
lt_cv_nm_interface='BSD nm'
lt_cv_objdir=.libs
lt_cv_path_LD=/usr/bin/ld
lt_cv_path_NM='/usr/bin/nm -B'
lt_cv_prog_compiler_c_o=yes
lt_cv_prog_compiler_pic_works=yes
lt_cv_prog_compiler_rtti_exceptions=no
lt_cv_prog_compiler_static_works=yes
lt_cv_prog_gnu_ld=yes
lt_cv_sys_global_symbol_pipe='sed -n -e '\''s/^.*[	 ]\([ABCDGIRSTW][ABCDGIRSTW]*\)[	 ][	 ]*\([_A-Za-z][_A-Za-z0-9]*\)$/\1 \2 \2/p'\'''
lt_cv_sys_global_symbol_to_c_name_address='sed -n -e '\''s/^: \([^ ]*\) $/  {\"\1\", (void *) 0},/p'\'' -e '\''s/^[ABCDGIRSTW]* \([^ ]*\) \([^ ]*\)$/  {"\2", (void *) \&\2},/p'\'''
lt_cv_sys_global_symbol_to_c_name_address_lib_prefix='sed -n -e '\''s/^: \([^ ]*\) $/  {\"\1\", (void *) 0},/p'\'' -e '\''s/^[ABCDGIRSTW]* \([^ ]*\) \(lib[^ ]*\)$/  {"\2", (void *) \&\2},/p'\'' -e '\''s/^[ABCDGIRSTW]* \([^ ]*\) \([^ ]*\)$/  {"lib\2", (void *) \&\2},/p'\'''
lt_cv_sys_global_symbol_to_cdecl='sed -n -e '\''s/^T .* \(.*\)$/extern int \1();/p'\'' -e '\''s/^[ABCDGIRSTW]* .* \(.*\)$/extern char \1;/p'\'''
lt_cv_sys_max_cmd_len=1572864

## ----------------- ##
## Output variables. ##
## ----------------- ##

ACLOCAL='${SHELL} /home/dzc/Dropbox/Work/bioinfo/rseqtools/missing --run aclocal-1.11'
AMDEPBACKSLASH='\'
AMDEP_FALSE='#'
AMDEP_TRUE=''
AMTAR='${SHELL} /home/dzc/Dropbox/Work/bioinfo/rseqtools/missing --run tar'
AR='ar'
AUTOCONF='${SHELL} /home/dzc/Dropbox/Work/bioinfo/rseqtools/missing --run autoconf'
AUTOHEADER='${SHELL} /home/dzc/Dropbox/Work/bioinfo/rseqtools/missing --run autoheader'
AUTOMAKE='${SHELL} /home/dzc/Dropbox/Work/bioinfo/rseqtools/missing --run automake-1.11'
AWK='mawk'
CC='gcc'
CCDEPMODE='depmode=gcc3'
CFLAGS='-g -O2'
CPP='gcc -E'
CPPFLAGS=''
CYGPATH_W='echo'
DEFS='-DHAVE_CONFIG_H'
DEPDIR='.deps'
DSYMUTIL=''
DUMPBIN=''
ECHO_C=''
ECHO_N='-n'
ECHO_T=''
EGREP='/bin/grep -E'
EXEEXT=''
FGREP='/bin/grep -F'
GREP='/bin/grep'
INSTALL_DATA='${INSTALL} -m 644'
INSTALL_PROGRAM='${INSTALL}'
INSTALL_SCRIPT='${INSTALL}'
INSTALL_STRIP_PROGRAM='$(install_sh) -c -s'
LD='/usr/bin/ld -m elf_x86_64'
LDFLAGS=''
LIBOBJS=''
LIBS='-lmrf -lbios -lgsl -lgslcblas -lm '
LIBTOOL='$(SHELL) $(top_builddir)/libtool'
LIPO=''
LN_S='ln -s'
LTLIBOBJS=''
MAKEINFO='${SHELL} /home/dzc/Dropbox/Work/bioinfo/rseqtools/missing --run makeinfo'
MKDIR_P='/bin/mkdir -p'
NM='/usr/bin/nm -B'
NMEDIT=''
OBJDUMP='objdump'
OBJEXT='o'
OTOOL64=''
OTOOL=''
PACKAGE='rseqtools'
PACKAGE_BUGREPORT='david.chen@yale.edu'
PACKAGE_NAME='rseqtools'
PACKAGE_STRING='rseqtools 1.0.0'
PACKAGE_TARNAME='rseqtools'
PACKAGE_URL=''
PACKAGE_VERSION='1.0.0'
PATH_SEPARATOR=':'
RANLIB='ranlib'
SED='/bin/sed'
SET_MAKE=''
SHELL='/bin/bash'
STRIP='strip'
VERSION='1.0.0'
ac_ct_CC='gcc'
ac_ct_DUMPBIN=''
am__EXEEXT_FALSE=''
am__EXEEXT_TRUE='#'
am__fastdepCC_FALSE='#'
am__fastdepCC_TRUE=''
am__include='include'
am__isrc=''
am__leading_dot='.'
am__quote=''
am__tar='${AMTAR} chof - "$$tardir"'
am__untar='${AMTAR} xf -'
bindir='${exec_prefix}/bin'
build='x86_64-unknown-linux-gnu'
build_alias=''
build_cpu='x86_64'
build_os='linux-gnu'
build_vendor='unknown'
datadir='${datarootdir}'
datarootdir='${prefix}/share'
docdir='${datarootdir}/doc/${PACKAGE_TARNAME}'
dvidir='${docdir}'
exec_prefix='${prefix}'
host='x86_64-unknown-linux-gnu'
host_alias=''
host_cpu='x86_64'
host_os='linux-gnu'
host_vendor='unknown'
htmldir='${docdir}'
includedir='${prefix}/include'
infodir='${datarootdir}/info'
install_sh='${SHELL} /home/dzc/Dropbox/Work/bioinfo/rseqtools/install-sh'
libdir='${exec_prefix}/lib'
libexecdir='${exec_prefix}/libexec'
localedir='${datarootdir}/locale'
localstatedir='${prefix}/var'
lt_ECHO='echo'
mandir='${datarootdir}/man'
mkdir_p='/bin/mkdir -p'
oldincludedir='/usr/include'
pdfdir='${docdir}'
prefix='/usr/local'
program_transform_name='s,x,x,'
psdir='${docdir}'
sbindir='${exec_prefix}/sbin'
sharedstatedir='${prefix}/com'
sysconfdir='${prefix}/etc'
target_alias=''

## ----------- ##
## confdefs.h. ##
## ----------- ##

/* confdefs.h */
#define PACKAGE_NAME "rseqtools"
#define PACKAGE_TARNAME "rseqtools"
#define PACKAGE_VERSION "1.0.0"
#define PACKAGE_STRING "rseqtools 1.0.0"
#define PACKAGE_BUGREPORT "david.chen@yale.edu"
#define PACKAGE_URL ""
#define PACKAGE "rseqtools"
#define VERSION "1.0.0"
#define STDC_HEADERS 1
#define HAVE_SYS_TYPES_H 1
#define HAVE_SYS_STAT_H 1
#define HAVE_STDLIB_H 1
#define HAVE_STRING_H 1
#define HAVE_MEMORY_H 1
#define HAVE_STRINGS_H 1
#define HAVE_INTTYPES_H 1
#define HAVE_STDINT_H 1
#define HAVE_UNISTD_H 1
#define HAVE_DLFCN_H 1
#define LT_OBJDIR ".libs/"
#define HAVE_LIBM 1
#define HAVE_LIBGSLCBLAS 1
#define HAVE_LIBGSL 1
#define HAVE_LIBBIOS 1
#define HAVE_LIBMRF 1
#define HAVE_MATH_H 1
#define HAVE_STDLIB_H 1
#define HAVE_STRING_H 1
#define HAVE_UNISTD_H 1
#define HAVE__BOOL 1
#define HAVE_STDBOOL_H 1
#define HAVE_STRCHR 1
#define HAVE_STRDUP 1
#define HAVE_STRSTR 1

configure: exit 0

## ---------------------- ##
## Running config.status. ##
## ---------------------- ##

This file was extended by rseqtools config.status 1.0.0, which was
generated by GNU Autoconf 2.67.  Invocation command line was

  CONFIG_FILES    = 
  CONFIG_HEADERS  = 
  CONFIG_LINKS    = 
  CONFIG_COMMANDS = 
  $ ./config.status src/Makefile depfiles

on crown

config.status:1083: creating src/Makefile
config.status:1311: executing depfiles commands
